<?xml version="1.0" encoding="UTF-8"?>
<!-- Generated by org.testng.reporters.JUnitReportReporter -->
<testsuite hostname="vupputuri-pk" failures="0" tests="1" name="Murthy" time="4.006" errors="0" timestamp="29 Jun 2019 02:36:12 GMT" skipped="0">
  <testcase classname="Murthy" name="testingBrowser" time="4.006"/>
</testsuite> <!-- Murthy -->
